<?xml version="1.0" encoding="UTF-8"?>
<testng-results skipped="0" failed="0" total="1" passed="1">
  <reporter-output>
  </reporter-output>
  <suite name="Command line suite" duration-ms="74" started-at="2017-04-24T19:29:59Z" finished-at="2017-04-24T19:29:59Z">
    <groups>
    </groups>
    <test name="Command line test" duration-ms="74" started-at="2017-04-24T19:29:59Z" finished-at="2017-04-24T19:29:59Z">
      <class name="training.expedia.AppTest">
        <test-method status="PASS" signature="testApp()[pri:0, instance:testApp(training.expedia.AppTest)]" name="testApp" duration-ms="4" started-at="2017-04-24T22:29:59Z" finished-at="2017-04-24T22:29:59Z">
          <reporter-output>
          </reporter-output>
        </test-method> <!-- testApp -->
      </class> <!-- training.expedia.AppTest -->
    </test> <!-- Command line test -->
  </suite> <!-- Command line suite -->
</testng-results>
